<?xml version="1.0" encoding="UTF-8"?>
<!-- Generated by org.testng.reporters.JUnitReportReporter -->
<testsuite hostname="WKWZTs6B2xJZaJI" failures="0" tests="1" name="simple.jenkins.project.Jenkins" time="0.087" errors="0" timestamp="2022-11-30T00:10:16 IST" skipped="0">
  <testcase classname="simple.jenkins.project.Jenkins" name="simplejenkins" time="0.087"/>
  <system-out/>
</testsuite> <!-- simple.jenkins.project.Jenkins -->
