<?xml version="1.0" encoding="UTF-8"?>
<!-- Generated by org.testng.reporters.JUnitReportReporter -->
<testsuite hostname="WKWZTs6B2xJZaJI" failures="0" tests="1" name="simple.Jenkins" time="0.082" errors="0" timestamp="2022-11-29T23:57:48 IST" skipped="0">
  <testcase classname="simple.Jenkins" name="simplejenkins" time="0.082"/>
  <system-out/>
</testsuite> <!-- simple.Jenkins -->
